app/build/outputs/logs/manifest-merger-debug-report.txt
-- Merging decision tree log ---
manifest
ADDED from src\main\AndroidManifest.xml:2:1-250:12
	package
		ADDED from src\main\AndroidManifest.xml:3:5-49
		INJECTED from src\main\AndroidManifest.xml
		INJECTED from src\main\AndroidManifest.xml
	android:versionName
		INJECTED from src\main\AndroidManifest.xml
		INJECTED from src\main\AndroidManifest.xml
	xmlns:android
		ADDED from src\main\AndroidManifest.xml:2:11-69
	android:versionCode
		INJECTED from src\main\AndroidManifest.xml
		INJECTED from src\main\AndroidManifest.xml
uses-permission#android.permission.VIBRATE
ADDED from src\main\AndroidManifest.xml:13:5-82
	android:name
		ADDED from src\main\AndroidManifest.xml:13:22-63
permission#com.example.saifullah_albasrie.pnm.permission.MAPS_RECEIVE
ADDED from src\main\AndroidManifest.xml:15:5-17:47
	android:protectionLevel
		ADDED from src\main\AndroidManifest.xml:17:9-44
	android:name
		ADDED from src\main\AndroidManifest.xml:16:9-82
uses-permission#com.example.saifullah_albasrie.pnm.permission.MAPS_RECEIVE
ADDED from src\main\AndroidManifest.xml:19:5-98
	android:name
		ADDED from src\main\AndroidManifest.xml:19:22-95
uses-permission#android.permission.ACCESS_NETWORK_STATE
ADDED from src\main\AndroidManifest.xml:20:5-79
MERGED from [com.google.firebase:firebase-analytics:10.2.1] AndroidManifest.xml:21:5-78
MERGED from [com.google.firebase:firebase-analytics-impl:10.2.1] AndroidManifest.xml:21:5-78
MERGED from [com.google.firebase:firebase-iid:10.2.1] AndroidManifest.xml:19:5-78
MERGED from [com.google.android.gms:play-services-maps:10.2.1] AndroidManifest.xml:19:5-78
	android:name
		ADDED from src\main\AndroidManifest.xml:20:22-76
uses-permission#com.google.android.providers.gsf.permission.READ_GSERVICES
ADDED from src\main\AndroidManifest.xml:21:5-98
	android:name
		ADDED from src\main\AndroidManifest.xml:21:22-95
uses-permission#android.permission.WRITE_EXTERNAL_STORAGE
ADDED from src\main\AndroidManifest.xml:22:5-81
	android:name
		ADDED from src\main\AndroidManifest.xml:22:22-78
uses-permission#android.permission.ACCESS_COARSE_LOCATION
ADDED from src\main\AndroidManifest.xml:25:5-81
	android:name
		ADDED from src\main\AndroidManifest.xml:25:22-78
uses-permission#android.permission.ACCESS_FINE_LOCATION
ADDED from src\main\AndroidManifest.xml:26:5-79
	android:name
		ADDED from src\main\AndroidManifest.xml:26:22-76
uses-feature#0x00020000
ADDED from src\main\AndroidManifest.xml:29:5-31:35
MERGED from [com.google.android.gms:play-services-maps:10.2.1] AndroidManifest.xml:21:5-77
	android:glEsVersion
		ADDED from src\main\AndroidManifest.xml:30:9-41
	android:required
		ADDED from src\main\AndroidManifest.xml:31:9-32
uses-permission#android.permission.INTERNET
ADDED from src\main\AndroidManifest.xml:33:5-67
MERGED from [com.google.android.gms:play-services-gcm:10.2.1] AndroidManifest.xml:21:5-66
MERGED from [com.google.android.gms:play-services-iid:10.2.1] AndroidManifest.xml:21:5-66
MERGED from [com.google.firebase:firebase-analytics:10.2.1] AndroidManifest.xml:20:5-66
MERGED from [com.google.firebase:firebase-analytics-impl:10.2.1] AndroidManifest.xml:20:5-66
MERGED from [com.google.firebase:firebase-iid:10.2.1] AndroidManifest.xml:20:5-66
MERGED from [com.google.android.gms:play-services-maps:10.2.1] AndroidManifest.xml:20:5-66
MERGED from [com.crashlytics.sdk.android:crashlytics:2.6.8] AndroidManifest.xml:9:5-67
MERGED from [com.crashlytics.sdk.android:beta:1.2.5] AndroidManifest.xml:9:5-67
MERGED from [com.crashlytics.sdk.android:crashlytics-core:2.3.17] AndroidManifest.xml:52:5-67
MERGED from [com.crashlytics.sdk.android:answers:1.3.13] AndroidManifest.xml:9:5-67
MERGED from [io.fabric.sdk.android:fabric:1.3.17] AndroidManifest.xml:29:5-67
	android:name
		ADDED from src\main\AndroidManifest.xml:33:22-64
uses-permission#android.permission.CALL_PHONE
ADDED from src\main\AndroidManifest.xml:34:5-69
	android:name
		ADDED from src\main\AndroidManifest.xml:34:22-66
uses-permission#android.permission.SEND_SMS
ADDED from src\main\AndroidManifest.xml:35:5-67
	android:name
		ADDED from src\main\AndroidManifest.xml:35:22-64
uses-permission#android.permission.RECEIVE_BOOT_COMPLETED
ADDED from src\main\AndroidManifest.xml:36:5-81
	android:name
		ADDED from src\main\AndroidManifest.xml:36:22-78
application
ADDED from src\main\AndroidManifest.xml:38:5-248:19
MERGED from [com.android.support:design:25.3.1] AndroidManifest.xml:29:5-20
MERGED from [com.android.support:appcompat-v7:25.3.1] AndroidManifest.xml:29:5-20
MERGED from [com.android.support:animated-vector-drawable:25.3.1] AndroidManifest.xml:26:5-20
MERGED from [com.android.support:support-vector-drawable:25.3.1] AndroidManifest.xml:26:5-20
MERGED from [com.android.support:transition:25.3.1] AndroidManifest.xml:26:5-20
MERGED from [com.android.support:cardview-v7:25.3.1] AndroidManifest.xml:26:5-20
MERGED from [com.android.support:support-v13:25.3.1] AndroidManifest.xml:29:5-20
MERGED from [com.google.android.gms:play-services-gcm:10.2.1] AndroidManifest.xml:23:5-19
MERGED from [com.google.android.gms:play-services-iid:10.2.1] AndroidManifest.xml:23:5-19
MERGED from [com.google.firebase:firebase-messaging:10.2.1] AndroidManifest.xml:19:5-29:19
MERGED from [com.google.firebase:firebase-core:10.2.1] AndroidManifest.xml:5:5-20
MERGED from [com.google.firebase:firebase-analytics:10.2.1] AndroidManifest.xml:24:5-33:19
MERGED from [com.google.firebase:firebase-analytics-impl:10.2.1] AndroidManifest.xml:24:5-28:19
MERGED from [com.google.firebase:firebase-iid:10.2.1] AndroidManifest.xml:28:5-49:19
MERGED from [com.google.firebase:firebase-common:10.2.1] AndroidManifest.xml:4:5-7:19
MERGED from [com.google.android.gms:play-services-location:10.2.1] AndroidManifest.xml:4:5-19
MERGED from [com.google.android.gms:play-services-places:10.2.1] AndroidManifest.xml:18:5-19
MERGED from [com.google.android.gms:play-services-maps:10.2.1] AndroidManifest.xml:24:5-19
MERGED from [com.google.android.gms:play-services-base:10.2.1] AndroidManifest.xml:18:5-20:19
MERGED from [com.google.android.gms:play-services-tasks:10.2.1] AndroidManifest.xml:4:5-19
MERGED from [com.google.android.gms:play-services-basement:10.2.1] AndroidManifest.xml:19:5-21:19
MERGED from [com.android.support:support-v4:25.3.1] AndroidManifest.xml:29:5-20
MERGED from [com.android.support:support-fragment:25.3.1] AndroidManifest.xml:29:5-20
MERGED from [com.android.support:support-media-compat:25.3.1] AndroidManifest.xml:29:5-20
MERGED from [com.android.support:support-core-ui:25.3.1] AndroidManifest.xml:29:5-20
MERGED from [com.android.support:support-core-utils:25.3.1] AndroidManifest.xml:29:5-20
MERGED from [com.android.support:support-compat:25.3.1] AndroidManifest.xml:29:5-20
MERGED from [com.github.aakira:expandable-layout:1.6.0] AndroidManifest.xml:12:5-20
MERGED from [com.crashlytics.sdk.android:crashlytics:2.6.8] AndroidManifest.xml:11:5-20
MERGED from [com.crashlytics.sdk.android:beta:1.2.5] AndroidManifest.xml:11:5-20
MERGED from [com.crashlytics.sdk.android:crashlytics-core:2.3.17] AndroidManifest.xml:54:5-20
MERGED from [com.crashlytics.sdk.android:answers:1.3.13] AndroidManifest.xml:11:5-20
MERGED from [io.fabric.sdk.android:fabric:1.3.17] AndroidManifest.xml:31:5-20
	android:label
		ADDED from src\main\AndroidManifest.xml:42:9-41
	android:supportsRtl
		ADDED from src\main\AndroidManifest.xml:43:9-35
	android:allowBackup
		ADDED from src\main\AndroidManifest.xml:40:9-35
	android:icon
		ADDED from src\main\AndroidManifest.xml:41:9-43
	android:theme
		ADDED from src\main\AndroidManifest.xml:44:9-40
	android:name
		ADDED from src\main\AndroidManifest.xml:39:9-72
activity#com.example.saifullah_albasrie.pnm.ui.activity.SplashscreenActivity
ADDED from src\main\AndroidManifest.xml:45:9-55:20
	android:label
		ADDED from src\main\AndroidManifest.xml:48:13-45
	android:configChanges
		ADDED from src\main\AndroidManifest.xml:47:13-74
	android:theme
		ADDED from src\main\AndroidManifest.xml:49:13-47
	android:name
		ADDED from src\main\AndroidManifest.xml:46:13-61
intent-filter#android.intent.action.MAIN+android.intent.category.LAUNCHER
ADDED from src\main\AndroidManifest.xml:50:13-54:29
action#android.intent.action.MAIN
ADDED from src\main\AndroidManifest.xml:51:17-69
	android:name
		ADDED from src\main\AndroidManifest.xml:51:25-66
category#android.intent.category.LAUNCHER
ADDED from src\main\AndroidManifest.xml:53:17-77
	android:name
		ADDED from src\main\AndroidManifest.xml:53:27-74
activity#com.example.saifullah_albasrie.pnm.ui.activity.MainActivity
ADDED from src\main\AndroidManifest.xml:56:9-61:59
	android:screenOrientation
		ADDED from src\main\AndroidManifest.xml:60:13-49
	android:label
		ADDED from src\main\AndroidManifest.xml:58:13-46
	android:launchMode
		ADDED from src\main\AndroidManifest.xml:59:13-43
	android:theme
		ADDED from src\main\AndroidManifest.xml:61:13-56
	android:name
		ADDED from src\main\AndroidManifest.xml:57:13-53
activity#com.example.saifullah_albasrie.pnm.ui.activity.LoginActivity
ADDED from src\main\AndroidManifest.xml:62:9-69:55
	android:screenOrientation
		ADDED from src\main\AndroidManifest.xml:67:13-49
	android:label
		ADDED from src\main\AndroidManifest.xml:65:13-45
	android:launchMode
		ADDED from src\main\AndroidManifest.xml:66:13-43
	android:windowSoftInputMode
		ADDED from src\main\AndroidManifest.xml:69:13-52
	android:configChanges
		ADDED from src\main\AndroidManifest.xml:64:13-74
	android:theme
		ADDED from src\main\AndroidManifest.xml:68:13-47
	android:name
		ADDED from src\main\AndroidManifest.xml:63:13-54
activity#com.example.saifullah_albasrie.pnm.ui.activity.FormProspekActivity
ADDED from src\main\AndroidManifest.xml:70:9-76:59
	android:screenOrientation
		ADDED from src\main\AndroidManifest.xml:73:13-49
	android:label
		ADDED from src\main\AndroidManifest.xml:75:13-63
	android:windowSoftInputMode
		ADDED from src\main\AndroidManifest.xml:74:13-54
	android:configChanges
		ADDED from src\main\AndroidManifest.xml:72:13-74
	android:theme
		ADDED from src\main\AndroidManifest.xml:76:13-56
	android:name
		ADDED from src\main\AndroidManifest.xml:71:13-60
activity#com.example.saifullah_albasrie.pnm.ui.activity.FormProspekDetailActivity
ADDED from src\main\AndroidManifest.xml:77:9-83:59
	android:screenOrientation
		ADDED from src\main\AndroidManifest.xml:80:13-49
	android:label
		ADDED from src\main\AndroidManifest.xml:82:13-63
	android:windowSoftInputMode
		ADDED from src\main\AndroidManifest.xml:81:13-54
	android:configChanges
		ADDED from src\main\AndroidManifest.xml:79:13-74
	android:theme
		ADDED from src\main\AndroidManifest.xml:83:13-56
	android:name
		ADDED from src\main\AndroidManifest.xml:78:13-66
activity#com.example.saifullah_albasrie.pnm.ui.activity.FormSurveyActivity
ADDED from src\main\AndroidManifest.xml:84:9-90:47
	android:screenOrientation
		ADDED from src\main\AndroidManifest.xml:89:13-49
	android:label
		ADDED from src\main\AndroidManifest.xml:87:13-50
	android:windowSoftInputMode
		ADDED from src\main\AndroidManifest.xml:88:13-54
	android:configChanges
		ADDED from src\main\AndroidManifest.xml:86:13-74
	android:theme
		ADDED from src\main\AndroidManifest.xml:90:13-44
	android:name
		ADDED from src\main\AndroidManifest.xml:85:13-59
activity#com.example.saifullah_albasrie.pnm.ui.activity.FormSurveyProfileActivity
ADDED from src\main\AndroidManifest.xml:91:9-97:47
	android:screenOrientation
		ADDED from src\main\AndroidManifest.xml:95:13-49
	android:label
		ADDED from src\main\AndroidManifest.xml:94:13-53
	android:windowSoftInputMode
		ADDED from src\main\AndroidManifest.xml:96:13-54
	android:configChanges
		ADDED from src\main\AndroidManifest.xml:93:13-74
	android:theme
		ADDED from src\main\AndroidManifest.xml:97:13-44
	android:name
		ADDED from src\main\AndroidManifest.xml:92:13-66
activity#com.example.saifullah_albasrie.pnm.ui.activity.FormSurveyExumActivity
ADDED from src\main\AndroidManifest.xml:98:9-104:47
	android:screenOrientation
		ADDED from src\main\AndroidManifest.xml:102:13-49
	android:label
		ADDED from src\main\AndroidManifest.xml:101:13-44
	android:windowSoftInputMode
		ADDED from src\main\AndroidManifest.xml:103:13-54
	android:configChanges
		ADDED from src\main\AndroidManifest.xml:100:13-74
	android:theme
		ADDED from src\main\AndroidManifest.xml:104:13-44
	android:name
		ADDED from src\main\AndroidManifest.xml:99:13-63
activity#com.example.saifullah_albasrie.pnm.ui.activity.FormSurveyDokumenActivity
ADDED from src\main\AndroidManifest.xml:105:9-111:47
	android:screenOrientation
		ADDED from src\main\AndroidManifest.xml:109:13-49
	android:label
		ADDED from src\main\AndroidManifest.xml:108:13-51
	android:windowSoftInputMode
		ADDED from src\main\AndroidManifest.xml:110:13-54
	android:configChanges
		ADDED from src\main\AndroidManifest.xml:107:13-74
	android:theme
		ADDED from src\main\AndroidManifest.xml:111:13-44
	android:name
		ADDED from src\main\AndroidManifest.xml:106:13-66
activity#com.example.saifullah_albasrie.pnm.ui.activity.FormSurveyAddDokumenActivity
ADDED from src\main\AndroidManifest.xml:112:9-118:58
	android:screenOrientation
		ADDED from src\main\AndroidManifest.xml:116:13-49
	android:label
		ADDED from src\main\AndroidManifest.xml:115:13-51
	android:windowSoftInputMode
		ADDED from src\main\AndroidManifest.xml:118:13-55
	android:configChanges
		ADDED from src\main\AndroidManifest.xml:114:13-74
	android:theme
		ADDED from src\main\AndroidManifest.xml:117:13-44
	android:name
		ADDED from src\main\AndroidManifest.xml:113:13-69
activity#com.example.saifullah_albasrie.pnm.ui.activity.FormSurveyKebutuhanModalKerjaActivity
ADDED from src\main\AndroidManifest.xml:119:9-125:47
	android:screenOrientation
		ADDED from src\main\AndroidManifest.xml:123:13-49
	android:label
		ADDED from src\main\AndroidManifest.xml:122:13-64
	android:windowSoftInputMode
		ADDED from src\main\AndroidManifest.xml:124:13-54
	android:configChanges
		ADDED from src\main\AndroidManifest.xml:121:13-74
	android:theme
		ADDED from src\main\AndroidManifest.xml:125:13-44
	android:name
		ADDED from src\main\AndroidManifest.xml:120:13-78
activity#com.example.saifullah_albasrie.pnm.ui.activity.FormSurveyKeuanganActivity
ADDED from src\main\AndroidManifest.xml:126:9-132:47
	android:screenOrientation
		ADDED from src\main\AndroidManifest.xml:130:13-49
	android:label
		ADDED from src\main\AndroidManifest.xml:129:13-44
	android:windowSoftInputMode
		ADDED from src\main\AndroidManifest.xml:131:13-54
	android:configChanges
		ADDED from src\main\AndroidManifest.xml:128:13-74
	android:theme
		ADDED from src\main\AndroidManifest.xml:132:13-44
	android:name
		ADDED from src\main\AndroidManifest.xml:127:13-67
activity#com.example.saifullah_albasrie.pnm.ui.activity.FormSurveyKapasitasUsahaActivity
ADDED from src\main\AndroidManifest.xml:133:9-139:47
	android:screenOrientation
		ADDED from src\main\AndroidManifest.xml:137:13-49
	android:label
		ADDED from src\main\AndroidManifest.xml:136:13-53
	android:windowSoftInputMode
		ADDED from src\main\AndroidManifest.xml:138:13-54
	android:configChanges
		ADDED from src\main\AndroidManifest.xml:135:13-74
	android:theme
		ADDED from src\main\AndroidManifest.xml:139:13-44
	android:name
		ADDED from src\main\AndroidManifest.xml:134:13-73
activity#com.example.saifullah_albasrie.pnm.ui.activity.FormSurveyJenisUsahaActivity
ADDED from src\main\AndroidManifest.xml:140:9-146:47
	android:screenOrientation
		ADDED from src\main\AndroidManifest.xml:144:13-49
	android:label
		ADDED from src\main\AndroidManifest.xml:143:13-53
	android:windowSoftInputMode
		ADDED from src\main\AndroidManifest.xml:145:13-54
	android:configChanges
		ADDED from src\main\AndroidManifest.xml:142:13-74
	android:theme
		ADDED from src\main\AndroidManifest.xml:146:13-44
	android:name
		ADDED from src\main\AndroidManifest.xml:141:13-69
activity#com.example.saifullah_albasrie.pnm.ui.activity.FormSurveyKeluargaActivity
ADDED from src\main\AndroidManifest.xml:147:9-153:47
	android:screenOrientation
		ADDED from src\main\AndroidManifest.xml:151:13-49
	android:label
		ADDED from src\main\AndroidManifest.xml:150:13-43
	android:windowSoftInputMode
		ADDED from src\main\AndroidManifest.xml:152:13-54
	android:configChanges
		ADDED from src\main\AndroidManifest.xml:149:13-74
	android:theme
		ADDED from src\main\AndroidManifest.xml:153:13-44
	android:name
		ADDED from src\main\AndroidManifest.xml:148:13-67
activity#com.example.saifullah_albasrie.pnm.ui.activity.FormSurveyListJaminanActivity
ADDED from src\main\AndroidManifest.xml:154:9-160:47
	android:screenOrientation
		ADDED from src\main\AndroidManifest.xml:158:13-49
	android:label
		ADDED from src\main\AndroidManifest.xml:157:13-45
	android:windowSoftInputMode
		ADDED from src\main\AndroidManifest.xml:159:13-54
	android:configChanges
		ADDED from src\main\AndroidManifest.xml:156:13-74
	android:theme
		ADDED from src\main\AndroidManifest.xml:160:13-44
	android:name
		ADDED from src\main\AndroidManifest.xml:155:13-70
activity#com.example.saifullah_albasrie.pnm.ui.activity.FormSurveyJaminanActivity
ADDED from src\main\AndroidManifest.xml:161:9-167:47
	android:screenOrientation
		ADDED from src\main\AndroidManifest.xml:165:13-49
	android:label
		ADDED from src\main\AndroidManifest.xml:164:13-45
	android:windowSoftInputMode
		ADDED from src\main\AndroidManifest.xml:166:13-54
	android:configChanges
		ADDED from src\main\AndroidManifest.xml:163:13-74
	android:theme
		ADDED from src\main\AndroidManifest.xml:167:13-44
	android:name
		ADDED from src\main\AndroidManifest.xml:162:13-66
activity#com.example.saifullah_albasrie.pnm.ui.activity.SurveyItemActivity
ADDED from src\main\AndroidManifest.xml:168:9-173:47
	android:screenOrientation
		ADDED from src\main\AndroidManifest.xml:171:13-49
	android:windowSoftInputMode
		ADDED from src\main\AndroidManifest.xml:172:13-54
	android:configChanges
		ADDED from src\main\AndroidManifest.xml:170:13-74
	android:theme
		ADDED from src\main\AndroidManifest.xml:173:13-44
	android:name
		ADDED from src\main\AndroidManifest.xml:169:13-59
activity#com.example.saifullah_albasrie.pnm.ui.activity.FormCollectionActivity
ADDED from src\main\AndroidManifest.xml:174:9-180:59
	android:screenOrientation
		ADDED from src\main\AndroidManifest.xml:178:13-49
	android:label
		ADDED from src\main\AndroidManifest.xml:177:13-47
	android:windowSoftInputMode
		ADDED from src\main\AndroidManifest.xml:179:13-54
	android:configChanges
		ADDED from src\main\AndroidManifest.xml:176:13-74
	android:theme
		ADDED from src\main\AndroidManifest.xml:180:13-56
	android:name
		ADDED from src\main\AndroidManifest.xml:175:13-63
activity#com.example.saifullah_albasrie.pnm.ui.activity.FeedbackDetailActivity
ADDED from src\main\AndroidManifest.xml:182:9-188:47
	android:screenOrientation
		ADDED from src\main\AndroidManifest.xml:186:13-49
	android:label
		ADDED from src\main\AndroidManifest.xml:185:13-45
	android:windowSoftInputMode
		ADDED from src\main\AndroidManifest.xml:187:13-54
	android:configChanges
		ADDED from src\main\AndroidManifest.xml:184:13-74
	android:theme
		ADDED from src\main\AndroidManifest.xml:188:13-44
	android:name
		ADDED from src\main\AndroidManifest.xml:183:13-63
activity#com.example.saifullah_albasrie.pnm.ui.activity.BandingDetailActivity
ADDED from src\main\AndroidManifest.xml:189:9-195:47
	android:screenOrientation
		ADDED from src\main\AndroidManifest.xml:193:13-49
	android:label
		ADDED from src\main\AndroidManifest.xml:192:13-44
	android:windowSoftInputMode
		ADDED from src\main\AndroidManifest.xml:194:13-54
	android:configChanges
		ADDED from src\main\AndroidManifest.xml:191:13-74
	android:theme
		ADDED from src\main\AndroidManifest.xml:195:13-44
	android:name
		ADDED from src\main\AndroidManifest.xml:190:13-62
activity#com.example.saifullah_albasrie.pnm.ui.activity.FilterActivity
ADDED from src\main\AndroidManifest.xml:196:9-202:59
	android:screenOrientation
		ADDED from src\main\AndroidManifest.xml:200:13-49
	android:label
		ADDED from src\main\AndroidManifest.xml:199:13-50
	android:windowSoftInputMode
		ADDED from src\main\AndroidManifest.xml:201:13-54
	android:configChanges
		ADDED from src\main\AndroidManifest.xml:198:13-74
	android:theme
		ADDED from src\main\AndroidManifest.xml:202:13-56
	android:name
		ADDED from src\main\AndroidManifest.xml:197:13-55
activity#com.example.saifullah_albasrie.pnm.ui.activity.SearchActivity
ADDED from src\main\AndroidManifest.xml:203:9-208:59
	android:screenOrientation
		ADDED from src\main\AndroidManifest.xml:207:13-49
	android:label
		ADDED from src\main\AndroidManifest.xml:206:13-50
	android:configChanges
		ADDED from src\main\AndroidManifest.xml:205:13-74
	android:theme
		ADDED from src\main\AndroidManifest.xml:208:13-56
	android:name
		ADDED from src\main\AndroidManifest.xml:204:13-55
service#com.example.saifullah_albasrie.pnm.firebase.AppFirebaseMessageService
ADDED from src\main\AndroidManifest.xml:211:9-217:19
	android:stopWithTask
		ADDED from src\main\AndroidManifest.xml:213:13-41
	android:name
		ADDED from src\main\AndroidManifest.xml:212:13-63
intent-filter#com.google.firebase.MESSAGING_EVENT
ADDED from src\main\AndroidManifest.xml:214:13-216:29
action#com.google.firebase.MESSAGING_EVENT
ADDED from src\main\AndroidManifest.xml:215:17-78
	android:name
		ADDED from src\main\AndroidManifest.xml:215:25-75
service#com.example.saifullah_albasrie.pnm.firebase.AppFirebaseIDService
ADDED from src\main\AndroidManifest.xml:218:9-222:19
	android:name
		ADDED from src\main\AndroidManifest.xml:218:18-63
intent-filter#com.google.firebase.INSTANCE_ID_EVENT
ADDED from src\main\AndroidManifest.xml:219:13-221:29
action#com.google.firebase.INSTANCE_ID_EVENT
ADDED from src\main\AndroidManifest.xml:220:17-80
	android:name
		ADDED from src\main\AndroidManifest.xml:220:25-77
provider#android.support.v4.content.FileProvider
ADDED from src\main\AndroidManifest.xml:232:9-240:20
	android:authorities
		ADDED from src\main\AndroidManifest.xml:234:13-60
		INJECTED from src\main\AndroidManifest.xml
	android:grantUriPermissions
		ADDED from src\main\AndroidManifest.xml:236:13-47
	android:exported
		ADDED from src\main\AndroidManifest.xml:235:13-37
	android:name
		ADDED from src\main\AndroidManifest.xml:233:13-67
meta-data#android.support.FILE_PROVIDER_PATHS
ADDED from src\main\AndroidManifest.xml:237:13-239:58
	android:resource
		ADDED from src\main\AndroidManifest.xml:239:17-55
	android:name
		ADDED from src\main\AndroidManifest.xml:238:17-67
meta-data#com.google.android.geo.API_KEY
ADDED from src\main\AndroidManifest.xml:242:9-244:71
	android:value
		ADDED from src\main\AndroidManifest.xml:244:13-68
	android:name
		ADDED from src\main\AndroidManifest.xml:243:13-58
meta-data#io.fabric.ApiKey
ADDED from src\main\AndroidManifest.xml:245:9-247:72
	android:value
		ADDED from src\main\AndroidManifest.xml:247:13-69
	android:name
		ADDED from src\main\AndroidManifest.xml:246:13-44
uses-sdk
INJECTED from src\main\AndroidManifest.xml reason: use-sdk injection requested
MERGED from [com.android.support:design:25.3.1] AndroidManifest.xml:21:5-23:62
MERGED from [com.android.support:appcompat-v7:25.3.1] AndroidManifest.xml:21:5-23:78
MERGED from [com.android.support:animated-vector-drawable:25.3.1] AndroidManifest.xml:20:5-44
MERGED from [com.android.support:support-vector-drawable:25.3.1] AndroidManifest.xml:20:5-43
MERGED from [com.android.support:recyclerview-v7:25.3.1] AndroidManifest.xml:20:5-43
MERGED from [com.android.support:transition:25.3.1] AndroidManifest.xml:20:5-44
MERGED from [com.android.support:cardview-v7:25.3.1] AndroidManifest.xml:20:5-43
MERGED from [com.android.support:support-v13:25.3.1] AndroidManifest.xml:21:5-23:55
MERGED from [com.google.android.gms:play-services-gcm:10.2.1] AndroidManifest.xml:17:5-43
MERGED from [com.google.android.gms:play-services-iid:10.2.1] AndroidManifest.xml:17:5-43
MERGED from [com.google.firebase:firebase-messaging:10.2.1] AndroidManifest.xml:17:5-43
MERGED from [com.google.firebase:firebase-core:10.2.1] AndroidManifest.xml:4:5-43
MERGED from [com.google.firebase:firebase-analytics:10.2.1] AndroidManifest.xml:17:5-43
MERGED from [com.google.firebase:firebase-analytics-impl:10.2.1] AndroidManifest.xml:17:5-43
MERGED from [com.google.firebase:firebase-iid:10.2.1] AndroidManifest.xml:17:5-43
MERGED from [com.google.firebase:firebase-common:10.2.1] AndroidManifest.xml:3:5-43
MERGED from [com.google.android.gms:play-services-location:10.2.1] AndroidManifest.xml:3:5-43
MERGED from [com.google.android.gms:play-services-places:10.2.1] AndroidManifest.xml:17:5-43
MERGED from [com.google.android.gms:play-services-maps:10.2.1] AndroidManifest.xml:23:5-43
MERGED from [com.google.android.gms:play-services-base:10.2.1] AndroidManifest.xml:17:5-43
MERGED from [com.google.android.gms:play-services-tasks:10.2.1] AndroidManifest.xml:3:5-43
MERGED from [com.google.android.gms:play-services-basement:10.2.1] AndroidManifest.xml:17:5-43
MERGED from [com.android.support:support-v4:25.3.1] AndroidManifest.xml:21:5-23:54
MERGED from [com.android.support:support-fragment:25.3.1] AndroidManifest.xml:21:5-23:60
MERGED from [com.android.support:support-media-compat:25.3.1] AndroidManifest.xml:21:5-23:63
MERGED from [com.android.support:support-core-ui:25.3.1] AndroidManifest.xml:21:5-23:58
MERGED from [com.android.support:support-core-utils:25.3.1] AndroidManifest.xml:21:5-23:61
MERGED from [com.android.support:support-compat:25.3.1] AndroidManifest.xml:21:5-23:58
MERGED from [com.jakewharton:butterknife:8.4.0] AndroidManifest.xml:5:5-43
MERGED from [com.github.aakira:expandable-layout:1.6.0] AndroidManifest.xml:8:5-10:41
MERGED from [com.crashlytics.sdk.android:crashlytics:2.6.8] AndroidManifest.xml:7:5-43
MERGED from [com.crashlytics.sdk.android:beta:1.2.5] AndroidManifest.xml:7:5-43
MERGED from [com.crashlytics.sdk.android:crashlytics-core:2.3.17] AndroidManifest.xml:50:5-43
MERGED from [com.crashlytics.sdk.android:answers:1.3.13] AndroidManifest.xml:7:5-43
MERGED from [io.fabric.sdk.android:fabric:1.3.17] AndroidManifest.xml:27:5-43
	tools:overrideLibrary
		ADDED from [com.android.support:design:25.3.1] AndroidManifest.xml:23:9-59
	android:targetSdkVersion
		INJECTED from src\main\AndroidManifest.xml
		INJECTED from src\main\AndroidManifest.xml
	android:minSdkVersion
		INJECTED from src\main\AndroidManifest.xml
		INJECTED from src\main\AndroidManifest.xml
meta-data#android.support.VERSION
ADDED from [com.android.support:design:25.3.1] AndroidManifest.xml:25:5-27:34
MERGED from [com.android.support:appcompat-v7:25.3.1] AndroidManifest.xml:25:5-27:34
MERGED from [com.android.support:animated-vector-drawable:25.3.1] AndroidManifest.xml:22:5-24:34
MERGED from [com.android.support:support-vector-drawable:25.3.1] AndroidManifest.xml:22:5-24:34
MERGED from [com.android.support:recyclerview-v7:25.3.1] AndroidManifest.xml:22:5-24:34
MERGED from [com.android.support:transition:25.3.1] AndroidManifest.xml:22:5-24:34
MERGED from [com.android.support:cardview-v7:25.3.1] AndroidManifest.xml:22:5-24:34
MERGED from [com.android.support:support-v13:25.3.1] AndroidManifest.xml:25:5-27:34
MERGED from [com.android.support:support-v4:25.3.1] AndroidManifest.xml:25:5-27:34
MERGED from [com.android.support:support-fragment:25.3.1] AndroidManifest.xml:25:5-27:34
MERGED from [com.android.support:support-media-compat:25.3.1] AndroidManifest.xml:25:5-27:34
MERGED from [com.android.support:support-core-ui:25.3.1] AndroidManifest.xml:25:5-27:34
MERGED from [com.android.support:support-core-utils:25.3.1] AndroidManifest.xml:25:5-27:34
MERGED from [com.android.support:support-compat:25.3.1] AndroidManifest.xml:25:5-27:34
	android:value
		ADDED from [com.android.support:design:25.3.1] AndroidManifest.xml:27:9-31
	android:name
		ADDED from [com.android.support:design:25.3.1] AndroidManifest.xml:26:9-47
uses-permission#com.google.android.c2dm.permission.RECEIVE
ADDED from [com.google.android.gms:play-services-gcm:10.2.1] AndroidManifest.xml:20:5-81
MERGED from [com.google.android.gms:play-services-iid:10.2.1] AndroidManifest.xml:20:5-81
MERGED from [com.google.firebase:firebase-iid:10.2.1] AndroidManifest.xml:22:5-81
	android:name
		ADDED from [com.google.android.gms:play-services-gcm:10.2.1] AndroidManifest.xml:20:22-79
service#com.google.firebase.messaging.FirebaseMessagingService
ADDED from [com.google.firebase:firebase-messaging:10.2.1] AndroidManifest.xml:23:9-27:19
	android:exported
		ADDED from [com.google.firebase:firebase-messaging:10.2.1] AndroidManifest.xml:23:88-111
	android:name
		ADDED from [com.google.firebase:firebase-messaging:10.2.1] AndroidManifest.xml:23:18-87
uses-permission#android.permission.WAKE_LOCK
ADDED from [com.google.firebase:firebase-analytics:10.2.1] AndroidManifest.xml:22:5-67
MERGED from [com.google.firebase:firebase-analytics-impl:10.2.1] AndroidManifest.xml:22:5-67
MERGED from [com.google.firebase:firebase-iid:10.2.1] AndroidManifest.xml:21:5-67
	android:name
		ADDED from [com.google.firebase:firebase-analytics:10.2.1] AndroidManifest.xml:22:22-65
receiver#com.google.android.gms.measurement.AppMeasurementReceiver
ADDED from [com.google.firebase:firebase-analytics:10.2.1] AndroidManifest.xml:25:7-26:18
MERGED from [com.google.firebase:firebase-analytics-impl:10.2.1] AndroidManifest.xml:25:7-26:18
	android:enabled
		ADDED from [com.google.firebase:firebase-analytics:10.2.1] AndroidManifest.xml:25:90-112
	android:exported
		ADDED from [com.google.firebase:firebase-analytics:10.2.1] AndroidManifest.xml:25:113-137
	android:name
		ADDED from [com.google.firebase:firebase-analytics:10.2.1] AndroidManifest.xml:25:17-89
receiver#com.google.android.gms.measurement.AppMeasurementInstallReferrerReceiver
ADDED from [com.google.firebase:firebase-analytics:10.2.1] AndroidManifest.xml:27:7-31:18
	android:enabled
		ADDED from [com.google.firebase:firebase-analytics:10.2.1] AndroidManifest.xml:27:162-184
	android:permission
		ADDED from [com.google.firebase:firebase-analytics:10.2.1] AndroidManifest.xml:27:105-161
	android:name